Attaching to kong_8531-go-plugins-1, kong_8531-kong-1, kong_8531-teapot-1
kong_8531-teapot-1      | 2022/12/12 18:29:28 Listening on :8080
kong_8531-go-plugins-1  | + case $1 in
kong_8531-go-plugins-1  | ++ find -L -maxdepth 2 -name go.mod
kong_8531-go-plugins-1  | + for mod_path in $(find -L -maxdepth 2 -name "go.mod")
kong_8531-go-plugins-1  | ++ dirname ./goplugin/go.mod
kong_8531-go-plugins-1  | + mod_dir=./goplugin
kong_8531-go-plugins-1  | ++ basename ./goplugin
kong_8531-go-plugins-1  | goplugin...
kong_8531-go-plugins-1  | + mod=goplugin
kong_8531-go-plugins-1  | + echo goplugin...
kong_8531-go-plugins-1  | + cd ./goplugin
kong_8531-go-plugins-1  | + go get -v
kong_8531-go-plugins-1  | + go build -o /go-plugins/
kong_8531-go-plugins-1 exited with code 0
kong_8531-kong-1        | 2022/12/12 18:30:06 [warn] 1#0: the "user" directive makes sense only if the master process runs with super-user privileges, ignored in /usr/local/kong/nginx.conf:6
kong_8531-kong-1        | nginx: [warn] the "user" directive makes sense only if the master process runs with super-user privileges, ignored in /usr/local/kong/nginx.conf:6
kong_8531-kong-1        | 2022/12/12 18:30:22 [notice] 1#0: using the "epoll" event method
kong_8531-kong-1        | 2022/12/12 18:30:22 [notice] 1#0: openresty/1.21.4.1
kong_8531-kong-1        | 2022/12/12 18:30:22 [notice] 1#0: built by gcc 6.4.0 (Alpine 6.4.0) 
kong_8531-kong-1        | 2022/12/12 18:30:22 [notice] 1#0: OS: Linux 5.15.49-linuxkit
kong_8531-kong-1        | 2022/12/12 18:30:22 [notice] 1#0: getrlimit(RLIMIT_NOFILE): 1048576:1048576
kong_8531-kong-1        | 2022/12/12 18:30:22 [notice] 1#0: start worker processes
kong_8531-kong-1        | 2022/12/12 18:30:22 [notice] 1#0: start worker process 1177
kong_8531-kong-1        | 2022/12/12 18:30:22 [notice] 1#0: start worker process 1178
kong_8531-kong-1        | 2022/12/12 18:30:22 [notice] 1#0: start worker process 1179
kong_8531-kong-1        | 2022/12/12 18:30:22 [notice] 1#0: start worker process 1180
kong_8531-kong-1        | 2022/12/12 18:30:24 [notice] 1180#0: *2 [lua] init.lua:240: purge(): [DB cache] purging (local) cache, context: init_worker_by_lua*
kong_8531-kong-1        | 2022/12/12 18:30:24 [notice] 1180#0: *2 [lua] init.lua:240: purge(): [DB cache] purging (local) cache, context: init_worker_by_lua*
kong_8531-kong-1        | 2022/12/12 18:30:24 [notice] 1180#0: *2 [kong] init.lua:493 declarative config loaded from /kong.yml, context: init_worker_by_lua*
kong_8531-kong-1        | 2022/12/12 18:30:26 [info] 1178#0: *1 [kong] handler.lua:61 [acme] acme renew timer started on worker 1, context: init_worker_by_lua*
kong_8531-kong-1        | 2022/12/12 18:30:26 [notice] 1178#0: *1 [lua] init.lua:415: every(): [timer-ng] fallback to ngx.timer.every [interval = 86400], context: init_worker_by_lua*
kong_8531-kong-1        | 2022/12/12 18:30:27 [info] 1180#0: *2 [kong] handler.lua:61 [acme] acme renew timer started on worker 3, context: init_worker_by_lua*
kong_8531-kong-1        | 2022/12/12 18:30:27 [notice] 1180#0: *2 [lua] init.lua:415: every(): [timer-ng] fallback to ngx.timer.every [interval = 86400], context: init_worker_by_lua*
kong_8531-kong-1        | 2022/12/12 18:30:27 [info] 1177#0: *3 [kong] handler.lua:61 [acme] acme renew timer started on worker 0, context: init_worker_by_lua*
kong_8531-kong-1        | 2022/12/12 18:30:27 [notice] 1177#0: *3 [lua] init.lua:415: every(): [timer-ng] fallback to ngx.timer.every [interval = 86400], context: init_worker_by_lua*
kong_8531-kong-1        | 2022/12/12 18:30:27 [error] 1178#0: *151 connect() to unix:/usr/local/kong/goplugin.socket failed (111: Connection refused), context: ngx.timer
kong_8531-kong-1        | 2022/12/12 18:30:27 [info] 1178#0: *4 [lua] super.lua:161: scaling_log(): [timer-ng] load_avg: 0.013888888888889, runable_jobs_avg: 2, alive_threads_avg: 144, context: ngx.timer
kong_8531-kong-1        | 2022/12/12 18:30:28 [error] 1178#0: *151 connect() to unix:/usr/local/kong/goplugin.socket failed (111: Connection refused), context: ngx.timer
kong_8531-kong-1        | 2022/12/12 18:30:28 [error] 1178#0: *151 connect() to unix:/usr/local/kong/goplugin.socket failed (111: Connection refused), context: ngx.timer
kong_8531-kong-1        | 2022/12/12 18:30:28 [error] 1178#0: *151 connect() to unix:/usr/local/kong/goplugin.socket failed (111: Connection refused), context: ngx.timer
kong_8531-kong-1        | 2022/12/12 18:30:28 [error] 1178#0: *151 connect() to unix:/usr/local/kong/goplugin.socket failed (111: Connection refused), context: ngx.timer
kong_8531-kong-1        | 2022/12/12 18:30:28 [error] 1178#0: *151 connect() to unix:/usr/local/kong/goplugin.socket failed (111: Connection refused), context: ngx.timer
kong_8531-kong-1        | 2022/12/12 18:30:28 [error] 1178#0: *151 connect() to unix:/usr/local/kong/goplugin.socket failed (111: Connection refused), context: ngx.timer
kong_8531-kong-1        | 2022/12/12 18:30:28 [error] 1178#0: *151 connect() to unix:/usr/local/kong/goplugin.socket failed (111: Connection refused), context: ngx.timer
kong_8531-kong-1        | 2022/12/12 18:30:28 [error] 1178#0: *151 connect() to unix:/usr/local/kong/goplugin.socket failed (111: Connection refused), context: ngx.timer
kong_8531-kong-1        | 2022/12/12 18:30:29 [error] 1178#0: *151 connect() to unix:/usr/local/kong/goplugin.socket failed (111: Connection refused), context: ngx.timer
kong_8531-kong-1        | 2022/12/12 18:30:29 [error] 1178#0: *151 connect() to unix:/usr/local/kong/goplugin.socket failed (111: Connection refused), context: ngx.timer
kong_8531-kong-1        | 2022/12/12 18:30:29 [error] 1178#0: *151 connect() to unix:/usr/local/kong/goplugin.socket failed (111: Connection refused), context: ngx.timer
kong_8531-kong-1        | 2022/12/12 18:30:29 [error] 1178#0: *151 connect() to unix:/usr/local/kong/goplugin.socket failed (111: Connection refused), context: ngx.timer
kong_8531-kong-1        | 2022/12/12 18:30:29 [error] 1180#0: *311 connect() to unix:/usr/local/kong/goplugin.socket failed (111: Connection refused), context: ngx.timer
kong_8531-kong-1        | 2022/12/12 18:30:29 [info] 1180#0: *164 [lua] super.lua:161: scaling_log(): [timer-ng] load_avg: 0.0069444444444444, runable_jobs_avg: 1, alive_threads_avg: 144, context: ngx.timer
kong_8531-kong-1        | 2022/12/12 18:30:29 [error] 1180#0: *311 connect() to unix:/usr/local/kong/goplugin.socket failed (111: Connection refused), context: ngx.timer
kong_8531-kong-1        | 2022/12/12 18:30:29 [error] 1178#0: *151 connect() to unix:/usr/local/kong/goplugin.socket failed (111: Connection refused), context: ngx.timer
kong_8531-kong-1        | 2022/12/12 18:30:29 [error] 1180#0: *311 connect() to unix:/usr/local/kong/goplugin.socket failed (111: Connection refused), context: ngx.timer
kong_8531-kong-1        | 2022/12/12 18:30:29 [error] 1178#0: *151 connect() to unix:/usr/local/kong/goplugin.socket failed (111: Connection refused), context: ngx.timer
kong_8531-kong-1        | 2022/12/12 18:30:29 [error] 1180#0: *311 connect() to unix:/usr/local/kong/goplugin.socket failed (111: Connection refused), context: ngx.timer
kong_8531-kong-1        | 2022/12/12 18:30:29 [error] 1178#0: *151 connect() to unix:/usr/local/kong/goplugin.socket failed (111: Connection refused), context: ngx.timer
kong_8531-kong-1        | 2022/12/12 18:30:30 [error] 1180#0: *311 connect() to unix:/usr/local/kong/goplugin.socket failed (111: Connection refused), context: ngx.timer
kong_8531-kong-1        | 2022/12/12 18:30:30 [error] 1178#0: *151 connect() to unix:/usr/local/kong/goplugin.socket failed (111: Connection refused), context: ngx.timer
kong_8531-kong-1        | 2022/12/12 18:30:30 [error] 1180#0: *311 connect() to unix:/usr/local/kong/goplugin.socket failed (111: Connection refused), context: ngx.timer
kong_8531-kong-1        | 2022/12/12 18:30:30 [error] 1178#0: *151 connect() to unix:/usr/local/kong/goplugin.socket failed (111: Connection refused), context: ngx.timer
kong_8531-kong-1        | 2022/12/12 18:30:30 [error] 1180#0: *311 connect() to unix:/usr/local/kong/goplugin.socket failed (111: Connection refused), context: ngx.timer
kong_8531-kong-1        | 2022/12/12 18:30:30 [error] 1178#0: *151 connect() to unix:/usr/local/kong/goplugin.socket failed (111: Connection refused), context: ngx.timer
kong_8531-kong-1        | 2022/12/12 18:30:30 [error] 1178#0: *151 connect() to unix:/usr/local/kong/goplugin.socket failed (111: Connection refused), context: ngx.timer
kong_8531-kong-1        | 2022/12/12 18:30:30 [error] 1180#0: *311 connect() to unix:/usr/local/kong/goplugin.socket failed (111: Connection refused), context: ngx.timer
kong_8531-kong-1        | 2022/12/12 18:30:30 [error] 1180#0: *311 connect() to unix:/usr/local/kong/goplugin.socket failed (111: Connection refused), context: ngx.timer
kong_8531-kong-1        | 2022/12/12 18:30:30 [error] 1178#0: *151 connect() to unix:/usr/local/kong/goplugin.socket failed (111: Connection refused), context: ngx.timer
kong_8531-kong-1        | 2022/12/12 18:30:30 [info] 1179#0: *66 [kong] handler.lua:61 [acme] acme renew timer started on worker 2, context: init_worker_by_lua*
kong_8531-kong-1        | 2022/12/12 18:30:30 [notice] 1179#0: *66 [lua] init.lua:415: every(): [timer-ng] fallback to ngx.timer.every [interval = 86400], context: init_worker_by_lua*
kong_8531-kong-1        | 2022/12/12 18:30:31 [error] 1178#0: *151 connect() to unix:/usr/local/kong/goplugin.socket failed (111: Connection refused), context: ngx.timer
kong_8531-kong-1        | 2022/12/12 18:30:30 [notice] 1177#0: *478 [kong] process.lua:252 Starting goplugin, context: ngx.timer
kong_8531-kong-1        | 2022/12/12 18:30:31 [error] 1178#0: *151 connect() to unix:/usr/local/kong/goplugin.socket failed (111: Connection refused), context: ngx.timer
kong_8531-kong-1        | 2022/12/12 18:30:30 [error] 1177#0: *480 connect() to unix:/usr/local/kong/goplugin.socket failed (111: Connection refused), context: ngx.timer
kong_8531-kong-1        | 2022/12/12 18:30:31 [error] 1180#0: *311 connect() to unix:/usr/local/kong/goplugin.socket failed (111: Connection refused), context: ngx.timer
kong_8531-kong-1        | 2022/12/12 18:30:31 [info] 1177#0: *322 [lua] super.lua:161: scaling_log(): [timer-ng] load_avg: 0.0069444444444444, runable_jobs_avg: 1, alive_threads_avg: 144, context: ngx.timer
kong_8531-kong-1        | 2022/12/12 18:30:31 [error] 1177#0: *480 connect() to unix:/usr/local/kong/goplugin.socket failed (111: Connection refused), context: ngx.timer
kong_8531-kong-1        | 2022/12/12 18:30:31 [error] 1177#0: *480 connect() to unix:/usr/local/kong/goplugin.socket failed (111: Connection refused), context: ngx.timer
kong_8531-kong-1        | 2022/12/12 18:30:31 [error] 1178#0: *151 connect() to unix:/usr/local/kong/goplugin.socket failed (111: Connection refused), context: ngx.timer
kong_8531-kong-1        | 2022/12/12 18:30:31 [error] 1177#0: *480 connect() to unix:/usr/local/kong/goplugin.socket failed (111: Connection refused), context: ngx.timer
kong_8531-kong-1        | 2022/12/12 18:30:31 [error] 1178#0: *151 connect() to unix:/usr/local/kong/goplugin.socket failed (111: Connection refused), context: ngx.timer
kong_8531-kong-1        | 2022/12/12 18:30:31 [error] 1178#0: *151 connect() to unix:/usr/local/kong/goplugin.socket failed (111: Connection refused), context: ngx.timer
kong_8531-kong-1        | 2022/12/12 18:30:31 [error] 1177#0: *480 connect() to unix:/usr/local/kong/goplugin.socket failed (111: Connection refused), context: ngx.timer
kong_8531-kong-1        | 2022/12/12 18:30:32 [error] 1177#0: *480 connect() to unix:/usr/local/kong/goplugin.socket failed (111: Connection refused), context: ngx.timer
kong_8531-kong-1        | 2022/12/12 18:30:31 [error] 1180#0: *311 connect() to unix:/usr/local/kong/goplugin.socket failed (111: Connection refused), context: ngx.timer
kong_8531-kong-1        | 2022/12/12 18:30:32 [error] 1180#0: *311 connect() to unix:/usr/local/kong/goplugin.socket failed (111: Connection refused), context: ngx.timer
kong_8531-kong-1        | 2022/12/12 18:30:32 [error] 1177#0: *480 connect() to unix:/usr/local/kong/goplugin.socket failed (111: Connection refused), context: ngx.timer
kong_8531-kong-1        | 2022/12/12 18:30:32 [error] 1177#0: *480 connect() to unix:/usr/local/kong/goplugin.socket failed (111: Connection refused), context: ngx.timer
kong_8531-kong-1        | 2022/12/12 18:30:32 [error] 1180#0: *311 connect() to unix:/usr/local/kong/goplugin.socket failed (111: Connection refused), context: ngx.timer
kong_8531-kong-1        | 2022/12/12 18:30:32 [error] 1178#0: *151 connect() to unix:/usr/local/kong/goplugin.socket failed (111: Connection refused), context: ngx.timer
kong_8531-kong-1        | 2022/12/12 18:30:32 [error] 1177#0: *480 connect() to unix:/usr/local/kong/goplugin.socket failed (111: Connection refused), context: ngx.timer
kong_8531-kong-1        | 2022/12/12 18:30:32 [error] 1180#0: *311 connect() to unix:/usr/local/kong/goplugin.socket failed (111: Connection refused), context: ngx.timer
kong_8531-kong-1        | 2022/12/12 18:30:32 [error] 1178#0: *151 connect() to unix:/usr/local/kong/goplugin.socket failed (111: Connection refused), context: ngx.timer
kong_8531-kong-1        | 2022/12/12 18:30:32 [error] 1177#0: *480 connect() to unix:/usr/local/kong/goplugin.socket failed (111: Connection refused), context: ngx.timer
kong_8531-kong-1        | 2022/12/12 18:30:32 [error] 1180#0: *311 connect() to unix:/usr/local/kong/goplugin.socket failed (111: Connection refused), context: ngx.timer
kong_8531-kong-1        | 2022/12/12 18:30:32 [info] 1177#0: *478 [goplugin:1186] 2022/12/12 18:30:32 Listening on socket: /usr/local/kong/goplugin.socket, context: ngx.timer
kong_8531-kong-1        | 2022/12/12 18:30:33 [info] 1179#0: *503 [lua] super.lua:161: scaling_log(): [timer-ng] load_avg: 0.0069444444444444, runable_jobs_avg: 1, alive_threads_avg: 144, context: ngx.timer
kong_8531-kong-1        | 2022/12/12 18:30:52 [info] 1178#0: *655 client 172.22.0.1 closed keepalive connection
kong_8531-kong-1        | 2022/12/12 18:31:24 [notice] 1#0: signal 17 (SIGCHLD) received from 1249
kong_8531-kong-1        | 2022/12/12 18:31:24 [notice] 1#0: unknown process 1148 exited with code 0
kong_8531-kong-1        | 2022/12/12 18:31:24 [notice] 1#0: unknown process 1173 exited with code 0
kong_8531-kong-1        | 2022/12/12 18:31:24 [notice] 1#0: unknown process 1249 exited with code 0
kong_8531-kong-1        | 2022/12/12 18:31:28 [info] 1178#0: *4 [lua] super.lua:161: scaling_log(): [timer-ng] load_avg: 0.030652935407034, runable_jobs_avg: 2.4615384615385, alive_threads_avg: 95.403846153846, context: ngx.timer
kong_8531-kong-1        | 2022/12/12 18:31:29 [notice] 1#0: signal 1 (SIGHUP) received from 1256, reconfiguring
kong_8531-kong-1        | 2022/12/12 18:31:29 [notice] 1#0: reconfiguring
kong_8531-kong-1        | 2022/12/12 18:31:29 [warn] 1#0: the "user" directive makes sense only if the master process runs with super-user privileges, ignored in /usr/local/kong/nginx.conf:6
kong_8531-kong-1        | 2022/12/12 18:31:29 [info] 1180#0: *164 [lua] super.lua:161: scaling_log(): [timer-ng] load_avg: 0.031412849277148, runable_jobs_avg: 2.5185185185185, alive_threads_avg: 93.166666666667, context: ngx.timer
kong_8531-kong-1        | 2022/12/12 18:31:31 [info] 1177#0: *322 [lua] super.lua:161: scaling_log(): [timer-ng] load_avg: 0.02658770002723, runable_jobs_avg: 1.8679245283019, alive_threads_avg: 94.264150943396, context: ngx.timer
kong_8531-kong-1        | 2022/12/12 18:31:33 [info] 1179#0: *503 [lua] super.lua:161: scaling_log(): [timer-ng] load_avg: 0.034357528729113, runable_jobs_avg: 2.4814814814815, alive_threads_avg: 93.166666666667, context: ngx.timer
kong_8531-kong-1        | 2022/12/12 18:32:00 [info] 1180#0: *659 client 172.22.0.1 closed keepalive connection
kong_8531-kong-1        | 2022/12/12 18:32:00 [info] 1179#0: *664 client 172.22.0.1 closed keepalive connection
kong_8531-kong-1        | 2022/12/12 18:32:00 [info] 1177#0: *660 client 172.22.0.1 closed keepalive connection
kong_8531-kong-1        | 2022/12/12 18:32:00 [info] 1177#0: *657 client 172.22.0.1 closed keepalive connection
kong_8531-kong-1        | 2022/12/12 18:32:00 [info] 1177#0: *658 client 172.22.0.1 closed keepalive connection
kong_8531-kong-1        | 2022/12/12 18:32:00 [info] 1178#0: *663 client 172.22.0.1 closed keepalive connection
kong_8531-kong-1        | 2022/12/12 18:32:00 [info] 1180#0: *661 client 172.22.0.1 closed keepalive connection
kong_8531-kong-1        | 2022/12/12 18:32:00 [info] 1178#0: *662 client 172.22.0.1 closed keepalive connection
kong_8531-kong-1        | 2022/12/12 18:32:06 [notice] 1#0: using the "epoll" event method
kong_8531-kong-1        | 2022/12/12 18:32:06 [notice] 1#0: start worker processes
kong_8531-kong-1        | 2022/12/12 18:32:06 [notice] 1#0: start worker process 1314
kong_8531-kong-1        | 2022/12/12 18:32:06 [notice] 1#0: start worker process 1315
kong_8531-kong-1        | 2022/12/12 18:32:06 [notice] 1#0: start worker process 1316
kong_8531-kong-1        | 2022/12/12 18:32:06 [notice] 1#0: start worker process 1317
kong_8531-kong-1        | 2022/12/12 18:32:09 [notice] 1178#0: gracefully shutting down
kong_8531-kong-1        | 2022/12/12 18:32:09 [notice] 1#0: signal 17 (SIGCHLD) received from 1266
kong_8531-kong-1        | 2022/12/12 18:32:09 [notice] 1#0: unknown process 1266 exited with code 0
kong_8531-kong-1        | 2022/12/12 18:32:09 [notice] 1#0: unknown process 1310 exited with code 0
kong_8531-kong-1        | 2022/12/12 18:32:09 [notice] 1177#0: gracefully shutting down
kong_8531-kong-1        | 2022/12/12 18:32:09 [notice] 1180#0: gracefully shutting down
kong_8531-kong-1        | 2022/12/12 18:32:09 [notice] 1179#0: gracefully shutting down
kong_8531-kong-1        | 2022/12/12 18:32:10 [notice] 1180#0: exiting
kong_8531-kong-1        | 2022/12/12 18:32:10 [notice] 1179#0: exiting
kong_8531-kong-1        | 2022/12/12 18:32:10 [error] 1178#0: *5 [lua] worker.lua:248: communicate(): event worker failed: failed to receive the first 2 bytes: closed, context: ngx.timer
kong_8531-kong-1        | 2022/12/12 18:32:10 [notice] 1178#0: exiting
kong_8531-kong-1        | 2022/12/12 18:32:10 [notice] 1315#0: *2630 [lua] init.lua:240: purge(): [DB cache] purging (local) cache, context: init_worker_by_lua*
kong_8531-kong-1        | 2022/12/12 18:32:10 [notice] 1315#0: *2630 [lua] init.lua:240: purge(): [DB cache] purging (local) cache, context: init_worker_by_lua*
kong_8531-kong-1        | 2022/12/12 18:32:10 [notice] 1315#0: *2630 [kong] init.lua:493 declarative config loaded from /kong.yml, context: init_worker_by_lua*
kong_8531-kong-1        | 2022/12/12 18:32:12 [notice] 1177#0: exiting
kong_8531-kong-1        | 2022/12/12 18:32:12 [info] 1315#0: *2630 [kong] handler.lua:61 [acme] acme renew timer started on worker 1, context: init_worker_by_lua*
kong_8531-kong-1        | 2022/12/12 18:32:12 [notice] 1315#0: *2630 [lua] init.lua:415: every(): [timer-ng] fallback to ngx.timer.every [interval = 86400], context: init_worker_by_lua*
kong_8531-kong-1        | 2022/12/12 18:32:15 [error] 1315#0: *2784 connect() to unix:/usr/local/kong/goplugin.socket failed (111: Connection refused), context: ngx.timer
kong_8531-kong-1        | 2022/12/12 18:32:16 [info] 1315#0: *2638 [lua] super.lua:161: scaling_log(): [timer-ng] load_avg: 0.013888888888889, runable_jobs_avg: 2, alive_threads_avg: 144, context: ngx.timer
kong_8531-kong-1        | 2022/12/12 18:32:16 [error] 1315#0: *2784 connect() to unix:/usr/local/kong/goplugin.socket failed (111: Connection refused), context: ngx.timer
kong_8531-kong-1        | 2022/12/12 18:32:16 [error] 1315#0: *2784 connect() to unix:/usr/local/kong/goplugin.socket failed (111: Connection refused), context: ngx.timer
kong_8531-kong-1        | 2022/12/12 18:32:16 [error] 1315#0: *2784 connect() to unix:/usr/local/kong/goplugin.socket failed (111: Connection refused), context: ngx.timer
kong_8531-kong-1        | 2022/12/12 18:32:16 [error] 1315#0: *2784 connect() to unix:/usr/local/kong/goplugin.socket failed (111: Connection refused), context: ngx.timer
kong_8531-kong-1        | 2022/12/12 18:32:16 [error] 1315#0: *2784 connect() to unix:/usr/local/kong/goplugin.socket failed (111: Connection refused), context: ngx.timer
kong_8531-kong-1        | 2022/12/12 18:32:16 [error] 1315#0: *2784 connect() to unix:/usr/local/kong/goplugin.socket failed (111: Connection refused), context: ngx.timer
kong_8531-kong-1        | 2022/12/12 18:32:16 [error] 1315#0: *2784 connect() to unix:/usr/local/kong/goplugin.socket failed (111: Connection refused), context: ngx.timer
kong_8531-kong-1        | 2022/12/12 18:32:16 [error] 1315#0: *2784 connect() to unix:/usr/local/kong/goplugin.socket failed (111: Connection refused), context: ngx.timer
kong_8531-kong-1        | 2022/12/12 18:32:17 [error] 1315#0: *2784 connect() to unix:/usr/local/kong/goplugin.socket failed (111: Connection refused), context: ngx.timer
kong_8531-kong-1        | 2022/12/12 18:32:17 [error] 1315#0: *2784 connect() to unix:/usr/local/kong/goplugin.socket failed (111: Connection refused), context: ngx.timer
kong_8531-kong-1        | 2022/12/12 18:32:17 [error] 1315#0: *2784 connect() to unix:/usr/local/kong/goplugin.socket failed (111: Connection refused), context: ngx.timer
kong_8531-kong-1        | 2022/12/12 18:32:18 [error] 1315#0: *2784 connect() to unix:/usr/local/kong/goplugin.socket failed (111: Connection refused), context: ngx.timer
kong_8531-kong-1        | 2022/12/12 18:32:10 [notice] 1178#0: exit
kong_8531-kong-1        | 2022/12/12 18:32:18 [error] 1315#0: *2784 connect() to unix:/usr/local/kong/goplugin.socket failed (111: Connection refused), context: ngx.timer
kong_8531-kong-1        | 2022/12/12 18:32:18 [error] 1315#0: *2784 connect() to unix:/usr/local/kong/goplugin.socket failed (111: Connection refused), context: ngx.timer
kong_8531-kong-1        | 2022/12/12 18:32:18 [notice] 1#0: signal 17 (SIGCHLD) received from 1178
kong_8531-kong-1        | 2022/12/12 18:32:18 [notice] 1#0: worker process 1178 exited with code 0
kong_8531-kong-1        | 2022/12/12 18:32:18 [error] 1315#0: *2784 connect() to unix:/usr/local/kong/goplugin.socket failed (111: Connection refused), context: ngx.timer
kong_8531-kong-1        | 2022/12/12 18:32:18 [error] 1315#0: *2784 connect() to unix:/usr/local/kong/goplugin.socket failed (111: Connection refused), context: ngx.timer
kong_8531-kong-1        | 2022/12/12 18:32:19 [error] 1315#0: *2784 connect() to unix:/usr/local/kong/goplugin.socket failed (111: Connection refused), context: ngx.timer
kong_8531-kong-1        | 2022/12/12 18:32:19 [error] 1315#0: *2784 connect() to unix:/usr/local/kong/goplugin.socket failed (111: Connection refused), context: ngx.timer
kong_8531-kong-1        | 2022/12/12 18:32:19 [error] 1315#0: *2784 connect() to unix:/usr/local/kong/goplugin.socket failed (111: Connection refused), context: ngx.timer
kong_8531-kong-1        | 2022/12/12 18:32:19 [error] 1315#0: *2784 connect() to unix:/usr/local/kong/goplugin.socket failed (111: Connection refused), context: ngx.timer
kong_8531-kong-1        | 2022/12/12 18:32:19 [error] 1315#0: *2784 connect() to unix:/usr/local/kong/goplugin.socket failed (111: Connection refused), context: ngx.timer
kong_8531-kong-1        | 2022/12/12 18:32:20 [error] 1315#0: *2784 connect() to unix:/usr/local/kong/goplugin.socket failed (111: Connection refused), context: ngx.timer
kong_8531-kong-1        | 2022/12/12 18:32:20 [error] 1315#0: *2784 connect() to unix:/usr/local/kong/goplugin.socket failed (111: Connection refused), context: ngx.timer
kong_8531-kong-1        | 2022/12/12 18:32:20 [error] 1315#0: *2784 connect() to unix:/usr/local/kong/goplugin.socket failed (111: Connection refused), context: ngx.timer
kong_8531-kong-1        | 2022/12/12 18:32:20 [error] 1315#0: *2784 connect() to unix:/usr/local/kong/goplugin.socket failed (111: Connection refused), context: ngx.timer
kong_8531-kong-1        | 2022/12/12 18:32:20 [error] 1315#0: *2784 connect() to unix:/usr/local/kong/goplugin.socket failed (111: Connection refused), context: ngx.timer
kong_8531-kong-1        | 2022/12/12 18:32:20 [error] 1315#0: *2639 [lua] worker.lua:124: communicate(): failed to connect: failed to receive response header: timeout, context: ngx.timer
kong_8531-kong-1        | 2022/12/12 18:32:20 [error] 1315#0: *2784 connect() to unix:/usr/local/kong/goplugin.socket failed (111: Connection refused), context: ngx.timer
kong_8531-kong-1        | 2022/12/12 18:32:20 [error] 1315#0: *2784 connect() to unix:/usr/local/kong/goplugin.socket failed (111: Connection refused), context: ngx.timer
kong_8531-kong-1        | 2022/12/12 18:32:21 [error] 1315#0: *2784 connect() to unix:/usr/local/kong/goplugin.socket failed (111: Connection refused), context: ngx.timer
kong_8531-kong-1        | 2022/12/12 18:32:21 [error] 1315#0: *2784 connect() to unix:/usr/local/kong/goplugin.socket failed (111: Connection refused), context: ngx.timer
kong_8531-kong-1        | 2022/12/12 18:32:21 [error] 1315#0: *2784 connect() to unix:/usr/local/kong/goplugin.socket failed (111: Connection refused), context: ngx.timer
kong_8531-kong-1        | 2022/12/12 18:32:21 [error] 1315#0: *2784 connect() to unix:/usr/local/kong/goplugin.socket failed (111: Connection refused), context: ngx.timer
kong_8531-kong-1        | 2022/12/12 18:32:21 [error] 1315#0: *2784 connect() to unix:/usr/local/kong/goplugin.socket failed (111: Connection refused), context: ngx.timer
kong_8531-kong-1        | 2022/12/12 18:32:21 [error] 1315#0: *2784 connect() to unix:/usr/local/kong/goplugin.socket failed (111: Connection refused), context: ngx.timer
kong_8531-kong-1        | 2022/12/12 18:32:21 [error] 1315#0: *2784 connect() to unix:/usr/local/kong/goplugin.socket failed (111: Connection refused), context: ngx.timer
kong_8531-kong-1        | 2022/12/12 18:32:21 [error] 1315#0: *2784 connect() to unix:/usr/local/kong/goplugin.socket failed (111: Connection refused), context: ngx.timer
kong_8531-kong-1        | 2022/12/12 18:32:22 [error] 1315#0: *2784 connect() to unix:/usr/local/kong/goplugin.socket failed (111: Connection refused), context: ngx.timer
kong_8531-kong-1        | 2022/12/12 18:32:22 [error] 1315#0: *2784 connect() to unix:/usr/local/kong/goplugin.socket failed (111: Connection refused), context: ngx.timer
kong_8531-kong-1        | 2022/12/12 18:32:22 [error] 1315#0: *2784 connect() to unix:/usr/local/kong/goplugin.socket failed (111: Connection refused), context: ngx.timer
kong_8531-kong-1        | 2022/12/12 18:32:22 [error] 1315#0: *2784 connect() to unix:/usr/local/kong/goplugin.socket failed (111: Connection refused), context: ngx.timer
kong_8531-kong-1        | 2022/12/12 18:32:22 [error] 1315#0: *2784 connect() to unix:/usr/local/kong/goplugin.socket failed (111: Connection refused), context: ngx.timer
kong_8531-kong-1        | 2022/12/12 18:32:22 [error] 1315#0: *2784 connect() to unix:/usr/local/kong/goplugin.socket failed (111: Connection refused), context: ngx.timer
kong_8531-kong-1        | 2022/12/12 18:32:22 [error] 1315#0: *2784 connect() to unix:/usr/local/kong/goplugin.socket failed (111: Connection refused), context: ngx.timer
kong_8531-kong-1        | 2022/12/12 18:32:22 [error] 1315#0: *2784 connect() to unix:/usr/local/kong/goplugin.socket failed (111: Connection refused), context: ngx.timer
kong_8531-kong-1        | 2022/12/12 18:32:23 [error] 1315#0: *2784 connect() to unix:/usr/local/kong/goplugin.socket failed (111: Connection refused), context: ngx.timer
kong_8531-kong-1        | 2022/12/12 18:32:23 [error] 1315#0: *2784 connect() to unix:/usr/local/kong/goplugin.socket failed (111: Connection refused), context: ngx.timer
kong_8531-kong-1        | 2022/12/12 18:32:23 [error] 1315#0: *2784 connect() to unix:/usr/local/kong/goplugin.socket failed (111: Connection refused), context: ngx.timer
kong_8531-kong-1        | 2022/12/12 18:32:23 [error] 1315#0: *2784 connect() to unix:/usr/local/kong/goplugin.socket failed (111: Connection refused), context: ngx.timer
kong_8531-kong-1        | 2022/12/12 18:32:23 [error] 1315#0: *2784 connect() to unix:/usr/local/kong/goplugin.socket failed (111: Connection refused), context: ngx.timer
kong_8531-kong-1        | 2022/12/12 18:32:23 [error] 1315#0: *2784 connect() to unix:/usr/local/kong/goplugin.socket failed (111: Connection refused), context: ngx.timer
kong_8531-kong-1        | 2022/12/12 18:32:23 [info] 1316#0: *2636 [kong] handler.lua:61 [acme] acme renew timer started on worker 2, context: init_worker_by_lua*
kong_8531-kong-1        | 2022/12/12 18:32:23 [notice] 1316#0: *2636 [lua] init.lua:415: every(): [timer-ng] fallback to ngx.timer.every [interval = 86400], context: init_worker_by_lua*
kong_8531-kong-1        | 2022/12/12 18:32:10 [notice] 1180#0: exit
kong_8531-kong-1        | 2022/12/12 18:32:23 [info] 1314#0: *2634 [kong] handler.lua:61 [acme] acme renew timer started on worker 0, context: init_worker_by_lua*
kong_8531-kong-1        | 2022/12/12 18:32:23 [notice] 1314#0: *2634 [lua] init.lua:415: every(): [timer-ng] fallback to ngx.timer.every [interval = 86400], context: init_worker_by_lua*
kong_8531-kong-1        | 2022/12/12 18:32:25 [notice] 1#0: signal 17 (SIGCHLD) received from 1180
kong_8531-kong-1        | 2022/12/12 18:32:25 [notice] 1#0: worker process 1180 exited with code 0
kong_8531-kong-1        | 2022/12/12 18:32:25 [error] 1315#0: *2784 connect() to unix:/usr/local/kong/goplugin.socket failed (111: Connection refused), context: ngx.timer
kong_8531-kong-1        | 2022/12/12 18:32:25 [error] 1315#0: *2784 connect() to unix:/usr/local/kong/goplugin.socket failed (111: Connection refused), context: ngx.timer
kong_8531-kong-1        | 2022/12/12 18:32:12 [notice] 1177#0: exit
kong_8531-kong-1        | 2022/12/12 18:32:25 [error] 1315#0: *2784 connect() to unix:/usr/local/kong/goplugin.socket failed (111: Connection refused), context: ngx.timer
kong_8531-kong-1        | 2022/12/12 18:32:25 [error] 1315#0: *2784 connect() to unix:/usr/local/kong/goplugin.socket failed (111: Connection refused), context: ngx.timer
kong_8531-kong-1        | 2022/12/12 18:32:25 [error] 1315#0: *2784 connect() to unix:/usr/local/kong/goplugin.socket failed (111: Connection refused), context: ngx.timer
kong_8531-kong-1        | 2022/12/12 18:32:25 [error] 1315#0: *2784 connect() to unix:/usr/local/kong/goplugin.socket failed (111: Connection refused), context: ngx.timer
kong_8531-kong-1        | 2022/12/12 18:32:25 [info] 1317#0: *2637 [kong] handler.lua:61 [acme] acme renew timer started on worker 3, context: init_worker_by_lua*
kong_8531-kong-1        | 2022/12/12 18:32:25 [error] 1315#0: *2784 connect() to unix:/usr/local/kong/goplugin.socket failed (111: Connection refused), context: ngx.timer
kong_8531-kong-1        | 2022/12/12 18:32:25 [notice] 1317#0: *2637 [lua] init.lua:415: every(): [timer-ng] fallback to ngx.timer.every [interval = 86400], context: init_worker_by_lua*
kong_8531-kong-1        | 2022/12/12 18:32:25 [notice] 1#0: signal 17 (SIGCHLD) received from 1186
kong_8531-kong-1        | 2022/12/12 18:32:25 [notice] 1#0: worker process 1177 exited with code 0
kong_8531-kong-1        | 2022/12/12 18:32:25 [alert] 1#0: unknown process 1186 exited on signal 15
kong_8531-kong-1        | 2022/12/12 18:32:26 [error] 1315#0: *2784 connect() to unix:/usr/local/kong/goplugin.socket failed (111: Connection refused), context: ngx.timer
kong_8531-kong-1        | 2022/12/12 18:32:26 [error] 1315#0: *2784 connect() to unix:/usr/local/kong/goplugin.socket failed (111: Connection refused), context: ngx.timer
kong_8531-kong-1        | 2022/12/12 18:32:26 [error] 1315#0: *2784 connect() to unix:/usr/local/kong/goplugin.socket failed (111: Connection refused), context: ngx.timer
kong_8531-kong-1        | 2022/12/12 18:32:26 [error] 1315#0: *2784 connect() to unix:/usr/local/kong/goplugin.socket failed (111: Connection refused), context: ngx.timer
kong_8531-kong-1        | 2022/12/12 18:32:26 [error] 1315#0: *2651 [lua] worker.lua:124: communicate(): failed to connect: failed to receive response header: timeout, context: ngx.timer
kong_8531-kong-1        | 2022/12/12 18:32:26 [error] 1315#0: *2784 connect() to unix:/usr/local/kong/goplugin.socket failed (111: Connection refused), context: ngx.timer
kong_8531-kong-1        | 2022/12/12 18:32:26 [error] 1315#0: *2784 connect() to unix:/usr/local/kong/goplugin.socket failed (111: Connection refused), context: ngx.timer
kong_8531-kong-1        | 2022/12/12 18:32:26 [error] 1315#0: *2784 connect() to unix:/usr/local/kong/goplugin.socket failed (111: Connection refused), context: ngx.timer
kong_8531-kong-1        | 2022/12/12 18:32:26 [error] 1315#0: *2784 connect() to unix:/usr/local/kong/goplugin.socket failed (111: Connection refused), context: ngx.timer
kong_8531-kong-1        | 2022/12/12 18:32:27 [error] 1315#0: *2784 connect() to unix:/usr/local/kong/goplugin.socket failed (111: Connection refused), context: ngx.timer
kong_8531-kong-1        | 2022/12/12 18:32:26 [error] 1316#0: *2999 connect() to unix:/usr/local/kong/goplugin.socket failed (111: Connection refused), context: ngx.timer
kong_8531-kong-1        | 2022/12/12 18:32:27 [info] 1316#0: *2848 [lua] super.lua:161: scaling_log(): [timer-ng] load_avg: 0.013888888888889, runable_jobs_avg: 2, alive_threads_avg: 144, context: ngx.timer
kong_8531-kong-1        | 2022/12/12 18:32:27 [error] 1316#0: *2999 connect() to unix:/usr/local/kong/goplugin.socket failed (111: Connection refused), context: ngx.timer
kong_8531-kong-1        | 2022/12/12 18:32:27 [error] 1315#0: *2784 connect() to unix:/usr/local/kong/goplugin.socket failed (111: Connection refused), context: ngx.timer
kong_8531-kong-1        | 2022/12/12 18:32:27 [error] 1316#0: *2999 connect() to unix:/usr/local/kong/goplugin.socket failed (111: Connection refused), context: ngx.timer
kong_8531-kong-1        | 2022/12/12 18:32:27 [error] 1316#0: *2999 connect() to unix:/usr/local/kong/goplugin.socket failed (111: Connection refused), context: ngx.timer
kong_8531-kong-1        | 2022/12/12 18:32:27 [error] 1315#0: *2784 connect() to unix:/usr/local/kong/goplugin.socket failed (111: Connection refused), context: ngx.timer
kong_8531-kong-1        | 2022/12/12 18:32:27 [error] 1316#0: *2999 connect() to unix:/usr/local/kong/goplugin.socket failed (111: Connection refused), context: ngx.timer
kong_8531-kong-1        | 2022/12/12 18:32:27 [error] 1316#0: *2999 connect() to unix:/usr/local/kong/goplugin.socket failed (111: Connection refused), context: ngx.timer
kong_8531-kong-1        | 2022/12/12 18:32:27 [error] 1315#0: *2784 connect() to unix:/usr/local/kong/goplugin.socket failed (111: Connection refused), context: ngx.timer
kong_8531-kong-1        | 2022/12/12 18:32:27 [error] 1316#0: *2999 connect() to unix:/usr/local/kong/goplugin.socket failed (111: Connection refused), context: ngx.timer
kong_8531-kong-1        | 2022/12/12 18:32:27 [error] 1316#0: *2999 connect() to unix:/usr/local/kong/goplugin.socket failed (111: Connection refused), context: ngx.timer
kong_8531-kong-1        | 2022/12/12 18:32:27 [error] 1315#0: *2784 connect() to unix:/usr/local/kong/goplugin.socket failed (111: Connection refused), context: ngx.timer
kong_8531-kong-1        | 2022/12/12 18:32:28 [error] 1316#0: *2999 connect() to unix:/usr/local/kong/goplugin.socket failed (111: Connection refused), context: ngx.timer
kong_8531-kong-1        | 2022/12/12 18:32:28 [error] 1315#0: *2784 connect() to unix:/usr/local/kong/goplugin.socket failed (111: Connection refused), context: ngx.timer
kong_8531-kong-1        | 2022/12/12 18:32:28 [error] 1316#0: *2999 connect() to unix:/usr/local/kong/goplugin.socket failed (111: Connection refused), context: ngx.timer
kong_8531-kong-1        | 2022/12/12 18:32:28 [error] 1315#0: *2784 connect() to unix:/usr/local/kong/goplugin.socket failed (111: Connection refused), context: ngx.timer
kong_8531-kong-1        | 2022/12/12 18:32:28 [error] 1315#0: *2784 connect() to unix:/usr/local/kong/goplugin.socket failed (111: Connection refused), context: ngx.timer
kong_8531-kong-1        | 2022/12/12 18:32:28 [error] 1316#0: *2999 connect() to unix:/usr/local/kong/goplugin.socket failed (111: Connection refused), context: ngx.timer
kong_8531-kong-1        | 2022/12/12 18:32:28 [error] 1315#0: *2784 connect() to unix:/usr/local/kong/goplugin.socket failed (111: Connection refused), context: ngx.timer
kong_8531-kong-1        | 2022/12/12 18:32:28 [error] 1316#0: *2999 connect() to unix:/usr/local/kong/goplugin.socket failed (111: Connection refused), context: ngx.timer
kong_8531-kong-1        | 2022/12/12 18:32:29 [error] 1315#0: *2784 connect() to unix:/usr/local/kong/goplugin.socket failed (111: Connection refused), context: ngx.timer
kong_8531-kong-1        | 2022/12/12 18:32:29 [error] 1316#0: *2999 connect() to unix:/usr/local/kong/goplugin.socket failed (111: Connection refused), context: ngx.timer
kong_8531-kong-1        | 2022/12/12 18:32:29 [error] 1315#0: *2784 connect() to unix:/usr/local/kong/goplugin.socket failed (111: Connection refused), context: ngx.timer
kong_8531-kong-1        | 2022/12/12 18:32:29 [error] 1316#0: *2999 connect() to unix:/usr/local/kong/goplugin.socket failed (111: Connection refused), context: ngx.timer
kong_8531-kong-1        | 2022/12/12 18:32:29 [error] 1316#0: *2999 connect() to unix:/usr/local/kong/goplugin.socket failed (111: Connection refused), context: ngx.timer
kong_8531-kong-1        | 2022/12/12 18:32:29 [error] 1315#0: *2784 connect() to unix:/usr/local/kong/goplugin.socket failed (111: Connection refused), context: ngx.timer
kong_8531-kong-1        | 2022/12/12 18:32:29 [error] 1316#0: *2999 connect() to unix:/usr/local/kong/goplugin.socket failed (111: Connection refused), context: ngx.timer
kong_8531-kong-1        | 2022/12/12 18:32:29 [error] 1315#0: *2784 connect() to unix:/usr/local/kong/goplugin.socket failed (111: Connection refused), context: ngx.timer
kong_8531-kong-1        | 2022/12/12 18:32:29 [error] 1316#0: *2999 connect() to unix:/usr/local/kong/goplugin.socket failed (111: Connection refused), context: ngx.timer
kong_8531-kong-1        | 2022/12/12 18:32:29 [error] 1316#0: *2999 connect() to unix:/usr/local/kong/goplugin.socket failed (111: Connection refused), context: ngx.timer
kong_8531-kong-1        | 2022/12/12 18:32:10 [notice] 1179#0: exit
kong_8531-kong-1        | 2022/12/12 18:32:29 [error] 1315#0: *2784 connect() to unix:/usr/local/kong/goplugin.socket failed (111: Connection refused), context: ngx.timer
kong_8531-kong-1        | 2022/12/12 18:32:29 [error] 1316#0: *2999 connect() to unix:/usr/local/kong/goplugin.socket failed (111: Connection refused), context: ngx.timer
kong_8531-kong-1        | 2022/12/12 18:32:30 [notice] 1#0: signal 17 (SIGCHLD) received from 1179
kong_8531-kong-1        | 2022/12/12 18:32:30 [notice] 1#0: worker process 1179 exited with code 0
kong_8531-kong-1        | 2022/12/12 18:32:30 [error] 1315#0: *2784 connect() to unix:/usr/local/kong/goplugin.socket failed (111: Connection refused), context: ngx.timer
kong_8531-kong-1        | 2022/12/12 18:32:30 [error] 1317#0: *3180 connect() to unix:/usr/local/kong/goplugin.socket failed (111: Connection refused), context: ngx.timer
kong_8531-kong-1        | 2022/12/12 18:32:30 [info] 1317#0: *3032 [lua] super.lua:161: scaling_log(): [timer-ng] load_avg: 0.0069444444444444, runable_jobs_avg: 1, alive_threads_avg: 144, context: ngx.timer
kong_8531-kong-1        | 2022/12/12 18:32:30 [error] 1317#0: *3180 connect() to unix:/usr/local/kong/goplugin.socket failed (111: Connection refused), context: ngx.timer
kong_8531-kong-1        | 2022/12/12 18:32:30 [error] 1316#0: *2999 connect() to unix:/usr/local/kong/goplugin.socket failed (111: Connection refused), context: ngx.timer
kong_8531-kong-1        | 2022/12/12 18:32:30 [error] 1315#0: *2784 connect() to unix:/usr/local/kong/goplugin.socket failed (111: Connection refused), context: ngx.timer
kong_8531-kong-1        | 2022/12/12 18:32:30 [error] 1316#0: *2999 connect() to unix:/usr/local/kong/goplugin.socket failed (111: Connection refused), context: ngx.timer
kong_8531-kong-1        | 2022/12/12 18:32:30 [error] 1315#0: *2784 connect() to unix:/usr/local/kong/goplugin.socket failed (111: Connection refused), context: ngx.timer
kong_8531-kong-1        | 2022/12/12 18:32:30 [error] 1317#0: *3180 connect() to unix:/usr/local/kong/goplugin.socket failed (111: Connection refused), context: ngx.timer
kong_8531-kong-1        | 2022/12/12 18:32:30 [error] 1315#0: *2784 connect() to unix:/usr/local/kong/goplugin.socket failed (111: Connection refused), context: ngx.timer
kong_8531-kong-1        | 2022/12/12 18:32:30 [error] 1316#0: *2999 connect() to unix:/usr/local/kong/goplugin.socket failed (111: Connection refused), context: ngx.timer
kong_8531-kong-1        | 2022/12/12 18:32:30 [error] 1317#0: *3180 connect() to unix:/usr/local/kong/goplugin.socket failed (111: Connection refused), context: ngx.timer
kong_8531-kong-1        | 2022/12/12 18:32:30 [error] 1316#0: *2999 connect() to unix:/usr/local/kong/goplugin.socket failed (111: Connection refused), context: ngx.timer
kong_8531-kong-1        | 2022/12/12 18:32:30 [error] 1317#0: *3180 connect() to unix:/usr/local/kong/goplugin.socket failed (111: Connection refused), context: ngx.timer
kong_8531-kong-1        | 2022/12/12 18:32:30 [error] 1316#0: *2999 connect() to unix:/usr/local/kong/goplugin.socket failed (111: Connection refused), context: ngx.timer
kong_8531-kong-1        | 2022/12/12 18:32:30 [error] 1315#0: *2784 connect() to unix:/usr/local/kong/goplugin.socket failed (111: Connection refused), context: ngx.timer
kong_8531-kong-1        | 2022/12/12 18:32:30 [error] 1317#0: *3180 connect() to unix:/usr/local/kong/goplugin.socket failed (111: Connection refused), context: ngx.timer
kong_8531-kong-1        | 2022/12/12 18:32:30 [error] 1315#0: *2784 connect() to unix:/usr/local/kong/goplugin.socket failed (111: Connection refused), context: ngx.timer
kong_8531-kong-1        | 2022/12/12 18:32:30 [error] 1316#0: *2999 connect() to unix:/usr/local/kong/goplugin.socket failed (111: Connection refused), context: ngx.timer
kong_8531-kong-1        | 2022/12/12 18:32:31 [notice] 1#0: signal 29 (SIGIO) received
kong_8531-kong-1        | 2022/12/12 18:32:31 [notice] 1#0: signal 29 (SIGIO) received
kong_8531-kong-1        | 2022/12/12 18:32:31 [notice] 1#0: signal 29 (SIGIO) received
kong_8531-kong-1        | 2022/12/12 18:32:31 [notice] 1#0: signal 29 (SIGIO) received
kong_8531-kong-1        | 2022/12/12 18:32:31 [error] 1316#0: *2999 connect() to unix:/usr/local/kong/goplugin.socket failed (111: Connection refused), context: ngx.timer
kong_8531-kong-1        | 2022/12/12 18:32:31 [error] 1315#0: *2784 connect() to unix:/usr/local/kong/goplugin.socket failed (111: Connection refused), context: ngx.timer
kong_8531-kong-1        | 2022/12/12 18:32:31 [error] 1317#0: *3180 connect() to unix:/usr/local/kong/goplugin.socket failed (111: Connection refused), context: ngx.timer
kong_8531-kong-1        | 2022/12/12 18:32:31 [error] 1316#0: *2999 connect() to unix:/usr/local/kong/goplugin.socket failed (111: Connection refused), context: ngx.timer
kong_8531-kong-1        | 2022/12/12 18:32:31 [error] 1315#0: *2784 connect() to unix:/usr/local/kong/goplugin.socket failed (111: Connection refused), context: ngx.timer
kong_8531-kong-1        | 2022/12/12 18:32:31 [error] 1317#0: *3180 connect() to unix:/usr/local/kong/goplugin.socket failed (111: Connection refused), context: ngx.timer
kong_8531-kong-1        | 2022/12/12 18:32:31 [error] 1315#0: *2784 connect() to unix:/usr/local/kong/goplugin.socket failed (111: Connection refused), context: ngx.timer
kong_8531-kong-1        | 2022/12/12 18:32:31 [notice] 1314#0: *3356 [kong] process.lua:252 Starting goplugin, context: ngx.timer
kong_8531-kong-1        | 2022/12/12 18:32:31 [error] 1315#0: *2784 connect() to unix:/usr/local/kong/goplugin.socket failed (111: Connection refused), context: ngx.timer
kong_8531-kong-1        | 2022/12/12 18:32:31 [error] 1317#0: *3180 connect() to unix:/usr/local/kong/goplugin.socket failed (111: Connection refused), context: ngx.timer
kong_8531-kong-1        | 2022/12/12 18:32:31 [error] 1316#0: *2999 connect() to unix:/usr/local/kong/goplugin.socket failed (111: Connection refused), context: ngx.timer
kong_8531-kong-1        | 2022/12/12 18:32:31 [error] 1316#0: *2849 [lua] worker.lua:124: communicate(): failed to connect: failed to receive response header: timeout, context: ngx.timer
kong_8531-kong-1        | 2022/12/12 18:32:31 [error] 1317#0: *3180 connect() to unix:/usr/local/kong/goplugin.socket failed (111: Connection refused), context: ngx.timer
kong_8531-kong-1        | 2022/12/12 18:32:31 [error] 1315#0: *2784 connect() to unix:/usr/local/kong/goplugin.socket failed (111: Connection refused), context: ngx.timer
kong_8531-kong-1        | 2022/12/12 18:32:31 [error] 1316#0: *2999 connect() to unix:/usr/local/kong/goplugin.socket failed (111: Connection refused), context: ngx.timer
kong_8531-kong-1        | 2022/12/12 18:32:31 [error] 1317#0: *3180 connect() to unix:/usr/local/kong/goplugin.socket failed (111: Connection refused), context: ngx.timer
kong_8531-kong-1        | 2022/12/12 18:32:31 [error] 1315#0: *2784 connect() to unix:/usr/local/kong/goplugin.socket failed (111: Connection refused), context: ngx.timer
kong_8531-kong-1        | 2022/12/12 18:32:31 [error] 1316#0: *2999 connect() to unix:/usr/local/kong/goplugin.socket failed (111: Connection refused), context: ngx.timer
kong_8531-kong-1        | 2022/12/12 18:32:31 [error] 1314#0: *3366 connect() to unix:/usr/local/kong/goplugin.socket failed (111: Connection refused), context: ngx.timer
kong_8531-kong-1        | 2022/12/12 18:32:31 [error] 1317#0: *3180 connect() to unix:/usr/local/kong/goplugin.socket failed (111: Connection refused), context: ngx.timer
kong_8531-kong-1        | 2022/12/12 18:32:31 [error] 1316#0: *2999 connect() to unix:/usr/local/kong/goplugin.socket failed (111: Connection refused), context: ngx.timer
kong_8531-kong-1        | 2022/12/12 18:32:31 [error] 1315#0: *2784 connect() to unix:/usr/local/kong/goplugin.socket failed (111: Connection refused), context: ngx.timer
kong_8531-kong-1        | 2022/12/12 18:32:32 [info] 1314#0: *3204 [lua] super.lua:161: scaling_log(): [timer-ng] load_avg: 0.0069444444444444, runable_jobs_avg: 1, alive_threads_avg: 144, context: ngx.timer
kong_8531-kong-1        | 2022/12/12 18:32:32 [error] 1314#0: *3366 connect() to unix:/usr/local/kong/goplugin.socket failed (111: Connection refused), context: ngx.timer
kong_8531-kong-1        | 2022/12/12 18:32:32 [error] 1316#0: *2999 connect() to unix:/usr/local/kong/goplugin.socket failed (111: Connection refused), context: ngx.timer
kong_8531-kong-1        | 2022/12/12 18:32:32 [error] 1315#0: *2784 connect() to unix:/usr/local/kong/goplugin.socket failed (111: Connection refused), context: ngx.timer
kong_8531-kong-1        | 2022/12/12 18:32:32 [error] 1317#0: *3180 connect() to unix:/usr/local/kong/goplugin.socket failed (111: Connection refused), context: ngx.timer
kong_8531-kong-1        | 2022/12/12 18:32:32 [error] 1314#0: *3366 connect() to unix:/usr/local/kong/goplugin.socket failed (111: Connection refused), context: ngx.timer
kong_8531-kong-1        | 2022/12/12 18:32:32 [error] 1316#0: *2999 connect() to unix:/usr/local/kong/goplugin.socket failed (111: Connection refused), context: ngx.timer
kong_8531-kong-1        | 2022/12/12 18:32:32 [error] 1314#0: *3366 connect() to unix:/usr/local/kong/goplugin.socket failed (111: Connection refused), context: ngx.timer
kong_8531-kong-1        | 2022/12/12 18:32:32 [error] 1317#0: *3180 connect() to unix:/usr/local/kong/goplugin.socket failed (111: Connection refused), context: ngx.timer
kong_8531-kong-1        | 2022/12/12 18:32:32 [error] 1316#0: *2999 connect() to unix:/usr/local/kong/goplugin.socket failed (111: Connection refused), context: ngx.timer
kong_8531-kong-1        | 2022/12/12 18:32:32 [error] 1315#0: *2784 connect() to unix:/usr/local/kong/goplugin.socket failed (111: Connection refused), context: ngx.timer
kong_8531-kong-1        | 2022/12/12 18:32:32 [error] 1315#0: *2784 connect() to unix:/usr/local/kong/goplugin.socket failed (111: Connection refused), context: ngx.timer
kong_8531-kong-1        | 2022/12/12 18:32:32 [error] 1314#0: *3366 connect() to unix:/usr/local/kong/goplugin.socket failed (111: Connection refused), context: ngx.timer
kong_8531-kong-1        | 2022/12/12 18:32:32 [error] 1316#0: *2999 connect() to unix:/usr/local/kong/goplugin.socket failed (111: Connection refused), context: ngx.timer
kong_8531-kong-1        | 2022/12/12 18:32:32 [error] 1317#0: *3180 connect() to unix:/usr/local/kong/goplugin.socket failed (111: Connection refused), context: ngx.timer
kong_8531-kong-1        | 2022/12/12 18:32:32 [error] 1315#0: *2784 connect() to unix:/usr/local/kong/goplugin.socket failed (111: Connection refused), context: ngx.timer
kong_8531-kong-1        | 2022/12/12 18:32:32 [error] 1314#0: *3366 connect() to unix:/usr/local/kong/goplugin.socket failed (111: Connection refused), context: ngx.timer
kong_8531-kong-1        | 2022/12/12 18:32:32 [error] 1317#0: *3180 connect() to unix:/usr/local/kong/goplugin.socket failed (111: Connection refused), context: ngx.timer
kong_8531-kong-1        | 2022/12/12 18:32:32 [error] 1315#0: *2784 connect() to unix:/usr/local/kong/goplugin.socket failed (111: Connection refused), context: ngx.timer
kong_8531-kong-1        | 2022/12/12 18:32:32 [error] 1316#0: *2999 connect() to unix:/usr/local/kong/goplugin.socket failed (111: Connection refused), context: ngx.timer
kong_8531-kong-1        | 2022/12/12 18:32:32 [error] 1314#0: *3366 connect() to unix:/usr/local/kong/goplugin.socket failed (111: Connection refused), context: ngx.timer
kong_8531-kong-1        | 2022/12/12 18:32:32 [error] 1315#0: *2784 connect() to unix:/usr/local/kong/goplugin.socket failed (111: Connection refused), context: ngx.timer
kong_8531-kong-1        | 2022/12/12 18:32:32 [error] 1316#0: *2999 connect() to unix:/usr/local/kong/goplugin.socket failed (111: Connection refused), context: ngx.timer
kong_8531-kong-1        | 2022/12/12 18:32:32 [error] 1317#0: *3180 connect() to unix:/usr/local/kong/goplugin.socket failed (111: Connection refused), context: ngx.timer
kong_8531-kong-1        | 2022/12/12 18:32:33 [error] 1315#0: *2784 connect() to unix:/usr/local/kong/goplugin.socket failed (111: Connection refused), context: ngx.timer
kong_8531-kong-1        | 2022/12/12 18:32:33 [error] 1316#0: *2999 connect() to unix:/usr/local/kong/goplugin.socket failed (111: Connection refused), context: ngx.timer
kong_8531-kong-1        | 2022/12/12 18:32:33 [error] 1314#0: *3366 connect() to unix:/usr/local/kong/goplugin.socket failed (111: Connection refused), context: ngx.timer
kong_8531-kong-1        | 2022/12/12 18:32:33 [error] 1315#0: *2784 connect() to unix:/usr/local/kong/goplugin.socket failed (111: Connection refused), context: ngx.timer
kong_8531-kong-1        | 2022/12/12 18:32:33 [error] 1316#0: *2999 connect() to unix:/usr/local/kong/goplugin.socket failed (111: Connection refused), context: ngx.timer
kong_8531-kong-1        | 2022/12/12 18:32:33 [error] 1314#0: *3366 connect() to unix:/usr/local/kong/goplugin.socket failed (111: Connection refused), context: ngx.timer
kong_8531-kong-1        | 2022/12/12 18:32:33 [info] 1314#0: *3356 [goplugin:1334] 2022/12/12 18:32:33 Listening on socket: /usr/local/kong/goplugin.socket, context: ngx.timer
kong_8531-kong-1        | 2022/12/12 18:32:41 [notice] 1#0: signal 17 (SIGCHLD) received from 1360
kong_8531-kong-1        | 2022/12/12 18:32:41 [notice] 1#0: unknown process 1360 exited with code 0
kong_8531-kong-1        | 2022/12/12 18:32:48 [info] 1314#0: *3198 recv() failed (104: Connection reset by peer), client: unix:, server: kong_worker_events, request: "GET / HTTP/1.1", host: "localhost"
kong_8531-kong-1        | 2022/12/12 18:32:48 [error] 1314#0: *3198 [lua] broker.lua:208: run(): event broker failed: failed to receive the first 2 bytes: connection reset by peer, client: unix:, server: kong_worker_events, request: "GET / HTTP/1.1", host: "localhost"
kong_8531-kong-1        | 2022/12/12 18:32:55 [notice] 1#0: signal 17 (SIGCHLD) received from 1368
kong_8531-kong-1        | 2022/12/12 18:32:55 [notice] 1#0: unknown process 1368 exited with code 0
kong_8531-kong-1        | 2022/12/12 18:32:59 [info] 1314#0: *3199 recv() failed (104: Connection reset by peer), client: unix:, server: kong_worker_events, request: "GET / HTTP/1.1", host: "localhost"
kong_8531-kong-1        | 2022/12/12 18:32:59 [error] 1314#0: *3199 [lua] broker.lua:208: run(): event broker failed: failed to receive the first 2 bytes: connection reset by peer, client: unix:, server: kong_worker_events, request: "GET / HTTP/1.1", host: "localhost"
kong_8531-kong-1        | 2022/12/12 18:33:00 [info] 1314#0: *3200 recv() failed (104: Connection reset by peer), client: unix:, server: kong_worker_events, request: "GET / HTTP/1.1", host: "localhost"
kong_8531-kong-1        | 2022/12/12 18:33:00 [error] 1314#0: *3200 [lua] broker.lua:208: run(): event broker failed: failed to receive the first 2 bytes: connection reset by peer, client: unix:, server: kong_worker_events, request: "GET / HTTP/1.1", host: "localhost"
kong_8531-kong-1        | 2022/12/12 18:33:16 [info] 1315#0: *2638 [lua] super.lua:161: scaling_log(): [timer-ng] load_avg: 0.024142639637361, runable_jobs_avg: 2.0588235294118, alive_threads_avg: 96.823529411765, context: ngx.timer
kong_8531-kong-1        | 2022/12/12 18:33:22 [notice] 1#0: signal 1 (SIGHUP) received from 1402, reconfiguring
kong_8531-kong-1        | 2022/12/12 18:33:22 [notice] 1#0: reconfiguring
kong_8531-kong-1        | 2022/12/12 18:33:22 [warn] 1#0: the "user" directive makes sense only if the master process runs with super-user privileges, ignored in /usr/local/kong/nginx.conf:6
kong_8531-kong-1        | 2022/12/12 18:33:27 [info] 1316#0: *2848 [lua] super.lua:161: scaling_log(): [timer-ng] load_avg: 0.027169003866969, runable_jobs_avg: 2.2352941176471, alive_threads_avg: 96.823529411765, context: ngx.timer
kong_8531-kong-1        | 2022/12/12 18:33:30 [info] 1317#0: *3032 [lua] super.lua:161: scaling_log(): [timer-ng] load_avg: 0.025004436246078, runable_jobs_avg: 1.9230769230769, alive_threads_avg: 96.096153846154, context: ngx.timer
kong_8531-kong-1        | 2022/12/12 18:33:32 [info] 1314#0: *3204 [lua] super.lua:161: scaling_log(): [timer-ng] load_avg: 0.022909887705533, runable_jobs_avg: 1.9615384615385, alive_threads_avg: 96.096153846154, context: ngx.timer
kong_8531-kong-1        | 2022/12/12 18:34:07 [notice] 1#0: using the "epoll" event method
kong_8531-kong-1        | 2022/12/12 18:34:07 [notice] 1#0: start worker processes
kong_8531-kong-1        | 2022/12/12 18:34:07 [notice] 1#0: start worker process 1453
kong_8531-kong-1        | 2022/12/12 18:34:07 [notice] 1#0: start worker process 1454
kong_8531-kong-1        | 2022/12/12 18:34:07 [notice] 1#0: start worker process 1455
kong_8531-kong-1        | 2022/12/12 18:34:07 [notice] 1#0: start worker process 1456
kong_8531-kong-1        | 2022/12/12 18:34:14 [notice] 1#0: signal 17 (SIGCHLD) received from 1416
kong_8531-kong-1        | 2022/12/12 18:34:14 [notice] 1316#0: gracefully shutting down
kong_8531-kong-1        | 2022/12/12 18:34:14 [notice] 1#0: unknown process 1418 exited with code 0
kong_8531-kong-1        | 2022/12/12 18:34:14 [notice] 1317#0: gracefully shutting down
kong_8531-kong-1        | 2022/12/12 18:34:15 [notice] 1314#0: gracefully shutting down
kong_8531-kong-1        | 2022/12/12 18:34:15 [notice] 1315#0: gracefully shutting down
kong_8531-kong-1        | 2022/12/12 18:34:15 [notice] 1317#0: exiting
kong_8531-kong-1        | 2022/12/12 18:34:15 [error] 1315#0: *2660 [lua] worker.lua:248: communicate(): event worker failed: failed to receive the first 2 bytes: closed, context: ngx.timer
kong_8531-kong-1        | 2022/12/12 18:34:15 [notice] 1315#0: exiting
kong_8531-kong-1        | 2022/12/12 18:34:15 [notice] 1316#0: exiting
kong_8531-kong-1        | 2022/12/12 18:34:16 [notice] 1454#0: *6139 [lua] init.lua:240: purge(): [DB cache] purging (local) cache, context: init_worker_by_lua*
kong_8531-kong-1        | 2022/12/12 18:34:16 [notice] 1454#0: *6139 [lua] init.lua:240: purge(): [DB cache] purging (local) cache, context: init_worker_by_lua*
kong_8531-kong-1        | 2022/12/12 18:34:16 [notice] 1454#0: *6139 [kong] init.lua:493 declarative config loaded from /kong.yml, context: init_worker_by_lua*
kong_8531-kong-1        | 2022/12/12 18:34:21 [info] 1454#0: *6139 [kong] handler.lua:61 [acme] acme renew timer started on worker 1, context: init_worker_by_lua*
kong_8531-kong-1        | 2022/12/12 18:34:21 [notice] 1454#0: *6139 [lua] init.lua:415: every(): [timer-ng] fallback to ngx.timer.every [interval = 86400], context: init_worker_by_lua*
kong_8531-kong-1        | 2022/12/12 18:34:23 [info] 1455#0: *6145 [kong] handler.lua:61 [acme] acme renew timer started on worker 2, context: init_worker_by_lua*
kong_8531-kong-1        | 2022/12/12 18:34:23 [notice] 1455#0: *6145 [lua] init.lua:415: every(): [timer-ng] fallback to ngx.timer.every [interval = 86400], context: init_worker_by_lua*
kong_8531-kong-1        | 2022/12/12 18:34:15 [notice] 1317#0: exit
kong_8531-kong-1        | 2022/12/12 18:34:24 [notice] 1314#0: exiting
kong_8531-kong-1        | 2022/12/12 18:34:24 [notice] 1#0: signal 17 (SIGCHLD) received from 1317
kong_8531-kong-1        | 2022/12/12 18:34:24 [notice] 1#0: worker process 1317 exited with code 0
kong_8531-kong-1        | 2022/12/12 18:34:15 [notice] 1315#0: exit
kong_8531-kong-1        | 2022/12/12 18:34:28 [notice] 1#0: signal 17 (SIGCHLD) received from 1315
kong_8531-kong-1        | 2022/12/12 18:34:28 [notice] 1#0: worker process 1315 exited with code 0
kong_8531-kong-1        | 2022/12/12 18:34:28 [info] 1456#0: *6143 [kong] handler.lua:61 [acme] acme renew timer started on worker 3, context: init_worker_by_lua*
kong_8531-kong-1        | 2022/12/12 18:34:28 [notice] 1456#0: *6143 [lua] init.lua:415: every(): [timer-ng] fallback to ngx.timer.every [interval = 86400], context: init_worker_by_lua*
kong_8531-kong-1        | 2022/12/12 18:34:30 [error] 1456#0: *6293 connect() to unix:/usr/local/kong/goplugin.socket failed (111: Connection refused), context: ngx.timer
kong_8531-kong-1        | 2022/12/12 18:34:30 [info] 1456#0: *6147 [lua] super.lua:161: scaling_log(): [timer-ng] load_avg: 0.013888888888889, runable_jobs_avg: 2, alive_threads_avg: 144, context: ngx.timer
kong_8531-kong-1        | 2022/12/12 18:34:30 [error] 1456#0: *6293 connect() to unix:/usr/local/kong/goplugin.socket failed (111: Connection refused), context: ngx.timer
kong_8531-kong-1        | 2022/12/12 18:34:30 [error] 1456#0: *6293 connect() to unix:/usr/local/kong/goplugin.socket failed (111: Connection refused), context: ngx.timer
kong_8531-kong-1        | 2022/12/12 18:34:30 [error] 1456#0: *6293 connect() to unix:/usr/local/kong/goplugin.socket failed (111: Connection refused), context: ngx.timer
kong_8531-kong-1        | 2022/12/12 18:34:30 [error] 1456#0: *6293 connect() to unix:/usr/local/kong/goplugin.socket failed (111: Connection refused), context: ngx.timer
kong_8531-kong-1        | 2022/12/12 18:34:30 [info] 1453#0: *6144 [kong] handler.lua:61 [acme] acme renew timer started on worker 0, context: init_worker_by_lua*
kong_8531-kong-1        | 2022/12/12 18:34:30 [error] 1456#0: *6293 connect() to unix:/usr/local/kong/goplugin.socket failed (111: Connection refused), context: ngx.timer
kong_8531-kong-1        | 2022/12/12 18:34:30 [notice] 1453#0: *6144 [lua] init.lua:415: every(): [timer-ng] fallback to ngx.timer.every [interval = 86400], context: init_worker_by_lua*
kong_8531-kong-1        | 2022/12/12 18:34:30 [error] 1456#0: *6293 connect() to unix:/usr/local/kong/goplugin.socket failed (111: Connection refused), context: ngx.timer
kong_8531-kong-1        | 2022/12/12 18:34:31 [error] 1456#0: *6293 connect() to unix:/usr/local/kong/goplugin.socket failed (111: Connection refused), context: ngx.timer
kong_8531-kong-1        | 2022/12/12 18:34:31 [error] 1454#0: *6457 connect() to unix:/usr/local/kong/goplugin.socket failed (111: Connection refused), context: ngx.timer
kong_8531-kong-1        | 2022/12/12 18:34:31 [info] 1454#0: *6302 [lua] super.lua:161: scaling_log(): [timer-ng] load_avg: 0.0069444444444444, runable_jobs_avg: 1, alive_threads_avg: 144, context: ngx.timer
kong_8531-kong-1        | 2022/12/12 18:34:31 [error] 1454#0: *6457 connect() to unix:/usr/local/kong/goplugin.socket failed (111: Connection refused), context: ngx.timer
kong_8531-kong-1        | 2022/12/12 18:34:31 [warn] 1454#0: *6301 [lua] process.lua:285: handle_event(): plugin server is not ready, goplugin will not be executed in this request, client: 172.22.0.1, server: kong, request: "GET /go HTTP/1.1", host: "localhost"
kong_8531-kong-1        | 2022/12/12 18:34:31 [error] 1456#0: *6293 connect() to unix:/usr/local/kong/goplugin.socket failed (111: Connection refused), context: ngx.timer
kong_8531-kong-1        | 2022/12/12 18:34:24 [notice] 1314#0: exit
kong_8531-kong-1        | 2022/12/12 18:34:32 [error] 1456#0: *6293 connect() to unix:/usr/local/kong/goplugin.socket failed (111: Connection refused), context: ngx.timer
kong_8531-kong-1        | 2022/12/12 18:34:32 [error] 1454#0: *6457 connect() to unix:/usr/local/kong/goplugin.socket failed (111: Connection refused), context: ngx.timer
kong_8531-kong-1        | 2022/12/12 18:34:32 [error] 1456#0: *6293 connect() to unix:/usr/local/kong/goplugin.socket failed (111: Connection refused), context: ngx.timer
kong_8531-kong-1        | 2022/12/12 18:34:32 [error] 1456#0: *6293 connect() to unix:/usr/local/kong/goplugin.socket failed (111: Connection refused), context: ngx.timer
kong_8531-kong-1        | 2022/12/12 18:34:32 [error] 1456#0: *6293 connect() to unix:/usr/local/kong/goplugin.socket failed (111: Connection refused), context: ngx.timer
kong_8531-kong-1        | 2022/12/12 18:34:32 [notice] 1#0: signal 29 (SIGIO) received
kong_8531-kong-1        | 2022/12/12 18:34:32 [notice] 1#0: signal 29 (SIGIO) received
kong_8531-kong-1        | 2022/12/12 18:34:33 [error] 1456#0: *6293 connect() to unix:/usr/local/kong/goplugin.socket failed (111: Connection refused), context: ngx.timer
kong_8531-kong-1        | 2022/12/12 18:34:33 [notice] 1#0: signal 17 (SIGCHLD) received from 1334
kong_8531-kong-1        | 2022/12/12 18:34:33 [notice] 1#0: worker process 1314 exited with code 0
kong_8531-kong-1        | 2022/12/12 18:34:33 [alert] 1#0: unknown process 1334 exited on signal 15
kong_8531-kong-1        | 2022/12/12 18:34:33 [notice] 1#0: signal 29 (SIGIO) received
kong_8531-kong-1        | 2022/12/12 18:34:33 [error] 1456#0: *6293 connect() to unix:/usr/local/kong/goplugin.socket failed (111: Connection refused), context: ngx.timer
kong_8531-kong-1        | 2022/12/12 18:34:33 [error] 1456#0: *6293 connect() to unix:/usr/local/kong/goplugin.socket failed (111: Connection refused), context: ngx.timer
kong_8531-kong-1        | 2022/12/12 18:34:33 [notice] 1453#0: *6622 [kong] process.lua:252 Starting goplugin, context: ngx.timer
kong_8531-kong-1        | 2022/12/12 18:34:33 [error] 1456#0: *6293 connect() to unix:/usr/local/kong/goplugin.socket failed (111: Connection refused), context: ngx.timer
kong_8531-kong-1        | 2022/12/12 18:34:33 [error] 1453#0: *6624 connect() to unix:/usr/local/kong/goplugin.socket failed (111: Connection refused), context: ngx.timer
kong_8531-kong-1        | 2022/12/12 18:34:33 [info] 1453#0: *6473 [lua] super.lua:161: scaling_log(): [timer-ng] load_avg: 0.0069444444444444, runable_jobs_avg: 1, alive_threads_avg: 144, context: ngx.timer
kong_8531-kong-1        | 2022/12/12 18:34:33 [error] 1456#0: *6293 connect() to unix:/usr/local/kong/goplugin.socket failed (111: Connection refused), context: ngx.timer
kong_8531-kong-1        | 2022/12/12 18:34:33 [error] 1453#0: *6624 connect() to unix:/usr/local/kong/goplugin.socket failed (111: Connection refused), context: ngx.timer
kong_8531-kong-1        | 2022/12/12 18:34:33 [warn] 1453#0: *6467 [lua] process.lua:285: handle_event(): plugin server is not ready, goplugin will not be executed in this request, client: 172.22.0.1, server: kong, request: "GET /go HTTP/1.1", host: "localhost"
kong_8531-kong-1        | 2022/12/12 18:34:33 [error] 1453#0: *6624 connect() to unix:/usr/local/kong/goplugin.socket failed (111: Connection refused), context: ngx.timer
kong_8531-kong-1        | 2022/12/12 18:34:33 [error] 1456#0: *6293 connect() to unix:/usr/local/kong/goplugin.socket failed (111: Connection refused), context: ngx.timer
kong_8531-kong-1        | 2022/12/12 18:34:33 [error] 1453#0: *6624 connect() to unix:/usr/local/kong/goplugin.socket failed (111: Connection refused), context: ngx.timer
kong_8531-kong-1        | 2022/12/12 18:34:33 [error] 1456#0: *6293 connect() to unix:/usr/local/kong/goplugin.socket failed (111: Connection refused), context: ngx.timer
kong_8531-kong-1        | 2022/12/12 18:34:33 [error] 1453#0: *6624 connect() to unix:/usr/local/kong/goplugin.socket failed (111: Connection refused), context: ngx.timer
kong_8531-kong-1        | 2022/12/12 18:34:34 [error] 1456#0: *6293 connect() to unix:/usr/local/kong/goplugin.socket failed (111: Connection refused), context: ngx.timer
kong_8531-kong-1        | 2022/12/12 18:34:34 [error] 1453#0: *6624 connect() to unix:/usr/local/kong/goplugin.socket failed (111: Connection refused), context: ngx.timer
kong_8531-kong-1        | 2022/12/12 18:34:34 [error] 1456#0: *6293 connect() to unix:/usr/local/kong/goplugin.socket failed (111: Connection refused), context: ngx.timer
kong_8531-kong-1        | 2022/12/12 18:34:34 [error] 1456#0: *6293 connect() to unix:/usr/local/kong/goplugin.socket failed (111: Connection refused), context: ngx.timer
kong_8531-kong-1        | 2022/12/12 18:34:34 [error] 1453#0: *6624 connect() to unix:/usr/local/kong/goplugin.socket failed (111: Connection refused), context: ngx.timer
kong_8531-kong-1        | 2022/12/12 18:34:34 [error] 1456#0: *6293 connect() to unix:/usr/local/kong/goplugin.socket failed (111: Connection refused), context: ngx.timer
kong_8531-kong-1        | 2022/12/12 18:34:34 [error] 1453#0: *6624 connect() to unix:/usr/local/kong/goplugin.socket failed (111: Connection refused), context: ngx.timer
kong_8531-kong-1        | 2022/12/12 18:34:34 [error] 1456#0: *6293 connect() to unix:/usr/local/kong/goplugin.socket failed (111: Connection refused), context: ngx.timer
kong_8531-kong-1        | 2022/12/12 18:34:34 [error] 1454#0: *6457 connect() to unix:/usr/local/kong/goplugin.socket failed (111: Connection refused), context: ngx.timer
kong_8531-kong-1        | 2022/12/12 18:34:34 [error] 1453#0: *6624 connect() to unix:/usr/local/kong/goplugin.socket failed (111: Connection refused), context: ngx.timer
kong_8531-kong-1        | 2022/12/12 18:34:33 [error] 1455#0: *6791 connect() to unix:/usr/local/kong/goplugin.socket failed (111: Connection refused), context: ngx.timer
kong_8531-kong-1        | 2022/12/12 18:34:34 [error] 1456#0: *6293 connect() to unix:/usr/local/kong/goplugin.socket failed (111: Connection refused), context: ngx.timer
kong_8531-kong-1        | 2022/12/12 18:34:34 [error] 1453#0: *6624 connect() to unix:/usr/local/kong/goplugin.socket failed (111: Connection refused), context: ngx.timer
kong_8531-kong-1        | 2022/12/12 18:34:34 [error] 1456#0: *6293 connect() to unix:/usr/local/kong/goplugin.socket failed (111: Connection refused), context: ngx.timer
kong_8531-kong-1        | 2022/12/12 18:34:34 [error] 1453#0: *6624 connect() to unix:/usr/local/kong/goplugin.socket failed (111: Connection refused), context: ngx.timer
kong_8531-kong-1        | 2022/12/12 18:34:34 [error] 1456#0: *6293 connect() to unix:/usr/local/kong/goplugin.socket failed (111: Connection refused), context: ngx.timer
kong_8531-kong-1        | 2022/12/12 18:34:34 [error] 1453#0: *6624 connect() to unix:/usr/local/kong/goplugin.socket failed (111: Connection refused), context: ngx.timer
kong_8531-kong-1        | 2022/12/12 18:34:34 [info] 1455#0: *6311 [lua] super.lua:161: scaling_log(): [timer-ng] load_avg: 0.0069444444444444, runable_jobs_avg: 1, alive_threads_avg: 144, context: ngx.timer
kong_8531-kong-1        | 2022/12/12 18:34:34 [error] 1455#0: *6791 connect() to unix:/usr/local/kong/goplugin.socket failed (111: Connection refused), context: ngx.timer
kong_8531-kong-1        | 2022/12/12 18:34:34 [error] 1456#0: *6293 connect() to unix:/usr/local/kong/goplugin.socket failed (111: Connection refused), context: ngx.timer
kong_8531-kong-1        | 2022/12/12 18:34:34 [error] 1453#0: *6624 connect() to unix:/usr/local/kong/goplugin.socket failed (111: Connection refused), context: ngx.timer
kong_8531-kong-1        | 2022/12/12 18:34:35 [info] 1453#0: *6622 [goplugin:1477] 2022/12/12 18:34:35 Listening on socket: /usr/local/kong/goplugin.socket, context: ngx.timer
kong_8531-kong-1        | 2022/12/12 18:34:36 [info] 1455#0: *6306 client 172.22.0.1 closed keepalive connection
kong_8531-kong-1        | 2022/12/12 18:34:36 [info] 1455#0: *6307 client 172.22.0.1 closed keepalive connection
kong_8531-kong-1        | 2022/12/12 18:34:36 [info] 1455#0: *6308 client 172.22.0.1 closed keepalive connection
kong_8531-kong-1        | 2022/12/12 18:34:36 [info] 1455#0: *6309 client 172.22.0.1 closed keepalive connection
kong_8531-kong-1        | 2022/12/12 18:34:15 [notice] 1316#0: exit
kong_8531-kong-1        | 2022/12/12 18:34:38 [notice] 1#0: signal 17 (SIGCHLD) received from 1316
kong_8531-kong-1        | 2022/12/12 18:34:38 [notice] 1#0: worker process 1316 exited with code 0
kong_8531-kong-1        | 2022/12/12 18:34:38 [notice] 1#0: signal 29 (SIGIO) received
kong_8531-kong-1        | 2022/12/12 18:34:55 [info] 1456#0: *6803 client 172.22.0.1 closed keepalive connection
kong_8531-kong-1        | 2022/12/12 18:34:55 [info] 1455#0: *6813 client 172.22.0.1 closed keepalive connection
kong_8531-kong-1        | 2022/12/12 18:35:03 [notice] 1#0: signal 17 (SIGCHLD) received from 1513
kong_8531-kong-1        | 2022/12/12 18:35:03 [notice] 1#0: unknown process 1513 exited with code 0
kong_8531-kong-1        | 2022/12/12 18:35:14 [notice] 1#0: signal 17 (SIGCHLD) received from 1524
kong_8531-kong-1        | 2022/12/12 18:35:14 [notice] 1#0: unknown process 1524 exited with code 0
kong_8531-kong-1        | 2022/12/12 18:35:30 [info] 1456#0: *6147 [lua] super.lua:161: scaling_log(): [timer-ng] load_avg: 0.026309297012485, runable_jobs_avg: 2.3333333333333, alive_threads_avg: 97.882352941176, context: ngx.timer
kong_8531-kong-1        | 2022/12/12 18:35:31 [info] 1454#0: *6302 [lua] super.lua:161: scaling_log(): [timer-ng] load_avg: 0.024577186097824, runable_jobs_avg: 2.3137254901961, alive_threads_avg: 97.882352941176, context: ngx.timer
kong_8531-kong-1        | 2022/12/12 18:35:33 [info] 1453#0: *6473 [lua] super.lua:161: scaling_log(): [timer-ng] load_avg: 0.027274477309296, runable_jobs_avg: 2.3461538461538, alive_threads_avg: 96.730769230769, context: ngx.timer
kong_8531-kong-1        | 2022/12/12 18:35:34 [info] 1455#0: *6311 [lua] super.lua:161: scaling_log(): [timer-ng] load_avg: 0.022413767978228, runable_jobs_avg: 1.8148148148148, alive_threads_avg: 94.555555555556, context: ngx.timer
kong_8531-kong-1        | 2022/12/12 18:35:37 [notice] 1#0: signal 17 (SIGCHLD) received from 1543
kong_8531-kong-1        | 2022/12/12 18:35:37 [notice] 1#0: unknown process 1543 exited with code 0
kong_8531-kong-1        | 2022/12/12 18:36:04 [notice] 1#0: signal 17 (SIGCHLD) received from 1561
kong_8531-kong-1        | 2022/12/12 18:36:04 [notice] 1#0: unknown process 1561 exited with code 0
Gracefully stopping... (press Ctrl+C again to force)
